\BOOKMARK [1][-]{section.1}{\376\377\000W\000s\000t\001\031\000p}{}% 1
\BOOKMARK [1][-]{section.2}{\376\377\000S\000t\000r\000e\000s\000z\000c\000z\000e\000n\000i\000e}{}% 2
\BOOKMARK [1][-]{section.3}{\376\377\000C\000e\000l\000\040\000P\000r\000o\000j\000e\000k\000t\000u}{}% 3
\BOOKMARK [1][-]{section.4}{\376\377\000S\000t\000r\000u\000k\000t\000u\000r\000a\000\040\000K\000a\000t\000a\000l\000o\000g\000\363\000w\000:\000\040\000Z\000g\000a\000d\000y\000w\000a\000n\000k\000a}{}% 4
\BOOKMARK [1][-]{section.5}{\376\377\000O\000p\000i\000s\000\040\000A\000p\000l\000i\000k\000a\000c\000j\000i}{}% 5
\BOOKMARK [1][-]{section.6}{\376\377\000J\000a\000k\000\040\000w\000y\000g\000l\001\005\000d\000a\000\040\000g\000r\000a}{}% 6
\BOOKMARK [2][-]{subsection.6.1}{\376\377\000P\000o\000d\000c\000z\000a\000s\000\040\000G\000r\000y}{section.6}% 7
\BOOKMARK [2][-]{subsection.6.2}{\376\377\000P\000o\000\040\000P\000o\000p\000r\000a\000w\000n\000e\000j\000\040\000O\000d\000p\000o\000w\000i\000e\000d\000z\000i}{section.6}% 8
\BOOKMARK [2][-]{subsection.6.3}{\376\377\000P\000o\000\040\000B\001\102\001\031\000d\000n\000e\000j\000\040\000O\000d\000p\000o\000w\000i\000e\000d\000z\000i}{section.6}% 9
\BOOKMARK [1][-]{section.7}{\376\377\000I\000m\000p\000l\000e\000m\000e\000n\000t\000a\000c\000j\000a}{}% 10
\BOOKMARK [2][-]{subsection.7.1}{\376\377\000I\000m\000p\000l\000e\000m\000e\000n\000t\000a\000c\000j\001\031\000\040\000i\000n\000t\000e\000r\000a\000k\000t\000y\000w\000n\000e\000j\000\040\000p\000l\000a\000n\000s\000z\000y\000\040\000z\000\040\000e\000l\000e\000m\000e\000n\000t\000a\000m\000i}{section.7}% 11
\BOOKMARK [2][-]{subsection.7.2}{\376\377\000L\000o\000s\000o\000w\000e\000\040\000o\000d\000s\001\102\000n\000i\000n\000i\000e\000\040\000o\000b\000r\000a\000z\000\363\000w\000\040\000c\000o\000\040\0005\0000\000\040\000s\000e\000k\000u\000n\000d}{section.7}% 12
\BOOKMARK [2][-]{subsection.7.3}{\376\377\000M\000o\001\174\000l\000i\000w\000o\001\133\001\007\000\040\000u\000d\000z\000i\000e\000l\000e\000n\000i\000a\000\040\000o\000d\000p\000o\000w\000i\000e\000d\000z\000i\000\040\000p\000r\000z\000e\000z\000\040\000g\000r\000c\000z\000a}{section.7}% 13
\BOOKMARK [2][-]{subsection.7.4}{\376\377\000O\000b\000s\001\102\000u\000g\000a\000\040\000p\000o\000p\000r\000a\000w\000n\000y\000h\000\040\000i\000\040\000b\001\102\001\031\000d\000n\000y\000c\000h\000\040\000o\000p\000o\000w\000i\000e\000d\000z\000i}{section.7}% 14
\BOOKMARK [2][-]{subsection.7.5}{\376\377\000L\000o\000s\000o\000w\000a\000n\000i\000e\000\040\000n\000o\000w\000y\000h\000\040\000o\000b\000r\000a\000z\000k\000\363\000w\000\040\000p\000o\000\040\000u\000d\000z\000i\000e\000l\000e\000n\000i\000u\000\040\000p\000o\000p\000r\000a\000w\000n\000e\000j\000\040\000o\000d\000p\000o\000w\000i\000e\000d\000z\000i}{section.7}% 15
\BOOKMARK [2][-]{subsection.7.6}{\376\377\000U\000s\000t\000a\000w\000i\000e\000n\000i\000e\000\040\000c\000z\000a\000s\000u\000,\000\040\000a\000b\000y\000\040\000g\000r\000a\000c\000z\000\040\000w\000i\000e\000d\000z\000i\000a\001\102\000\040\000j\000a\000k\000\040\000s\000z\000y\000b\000k\000o\000\040\000u\000d\000a\000j\000e\000\040\000m\000u\000\040\000s\000i\000e\000\040\000p\000o\000d\000a\001\007\000\040\000p\000o\000p\000r\000a\000w\000n\000\040\000o\000d\000p\000o\000w\000i\000e\000d\001\172\000\040\000o\000r\000a\000z\000\040\000l\000o\000s\000o\000w\000a\000n\000i\000e\000\040\000n\000o\000w\000e\000g\000o\000\040\000o\000b\000r\000a\000z\000k\000a\000\040\000p\000o\000\040\0005\0000\000\040\000s\000e\000k\000u\000n\000d\000a\000c\000h\000\040\000g\000r\000y}{section.7}% 16
\BOOKMARK [1][-]{section.8}{\376\377\000P\000r\000o\000g\000r\000a\000m\000\040\000I\000n\000s\000t\000a\000l\000a\000c\000y\000j\000n\000y}{}% 17
\BOOKMARK [1][-]{section.9}{\376\377\000P\000r\000o\000b\000l\000e\000m\000y\000\040\000n\000a\000p\000o\000t\000k\000a\000n\000e\000\040\000p\000o\000d\000c\000z\000a\000s\000\040\000t\000w\000o\000r\000z\000e\000n\000i\000a\000\040\000a\000p\000l\000i\000k\000a\000c\000j\000i}{}% 18
\BOOKMARK [2][-]{subsection.9.1}{\376\377\000P\000r\000o\000b\000l\000e\000m\000y\000\040\000z\000\040\000K\000w\000a\000d\000r\000a\000t\000a\000m\000i}{section.9}% 19
\BOOKMARK [2][-]{subsection.9.2}{\376\377\000P\000r\000o\000b\000l\000e\000m\000y\000\040\000z\000\040\000C\000z\000y\000t\000a\000n\000i\000e\000m\000\040\000M\000a\001\102\000y\000c\000h\000\040\000i\000\040\000D\000u\001\174\000y\000c\000h\000\040\000L\000i\000t\000e\000r}{section.9}% 20
\BOOKMARK [1][-]{section.10}{\376\377\000P\000o\000d\000z\000i\000a\001\102\000\040\000p\000r\000a\000c\000y}{}% 21
\BOOKMARK [1][-]{section.11}{\376\377\000P\000o\000d\000z\000i\001\031\000k\000o\000w\000a\000n\000i\000a}{}% 22
\BOOKMARK [1][-]{section.12}{\376\377\000B\000i\000b\000l\000i\000o\000g\000r\000a\000f\000i\000a}{}% 23
